<?xml version="1.0" encoding="UTF-8"?>
<testng-results ignored="0" total="1" passed="1" failed="0" skipped="0">
  <reporter-output>
  </reporter-output>
  <suite started-at="2026-01-07T00:38:23 IST" name="Default suite" finished-at="2026-01-07T00:39:05 IST" duration-ms="41450">
    <groups>
    </groups>
    <test started-at="2026-01-07T00:38:23 IST" name="Default test" finished-at="2026-01-07T00:39:05 IST" duration-ms="41450">
      <class name="com.Ecommerce.tests.LoginTest">
        <test-method signature="loginTest()[pri:0, instance:com.Ecommerce.tests.LoginTest@c730b35]" started-at="2026-01-07T00:38:23 IST" name="loginTest" finished-at="2026-01-07T00:38:48 IST" duration-ms="24109" status="PASS">
          <reporter-output>
          </reporter-output>
        </test-method> <!-- loginTest -->
        <test-method is-config="true" signature="takeScreenshot(org.testng.ITestResult)[pri:0, instance:com.Ecommerce.tests.LoginTest@c730b35]" started-at="2026-01-07T00:38:48 IST" name="takeScreenshot" finished-at="2026-01-07T00:39:04 IST" duration-ms="16252" status="PASS">
          <params>
            <param index="0">
              <value>
                <![CDATA[[TestResult name=loginTest status=SUCCESS method=LoginTest.loginTest()[pri:0, instance:com.Ecommerce.tests.LoginTest@c730b35] output={null}]]]>
              </value>
            </param>
          </params>
          <reporter-output>
          </reporter-output>
        </test-method> <!-- takeScreenshot -->
        <test-method is-config="true" signature="closeLoginPage()[pri:0, instance:com.Ecommerce.tests.LoginTest@c730b35]" started-at="2026-01-07T00:39:04 IST" name="closeLoginPage" finished-at="2026-01-07T00:39:05 IST" duration-ms="978" status="PASS">
          <reporter-output>
          </reporter-output>
        </test-method> <!-- closeLoginPage -->
      </class> <!-- com.Ecommerce.tests.LoginTest -->
    </test> <!-- Default test -->
  </suite> <!-- Default suite -->
</testng-results>
