<?xml version="1.0" encoding="UTF-8"?>
<testng-results ignored="0" total="1" passed="1" failed="0" skipped="0">
  <reporter-output>
  </reporter-output>
  <suite started-at="2026-01-07T17:46:04 IST" name="Default suite" finished-at="2026-01-07T17:46:29 IST" duration-ms="24958">
    <groups>
    </groups>
    <test started-at="2026-01-07T17:46:04 IST" name="Default test" finished-at="2026-01-07T17:46:29 IST" duration-ms="24958">
      <class name="com.Ecommerce.tests.End2EndTestingWebsite">
        <test-method signature="loginTest()[pri:0, instance:com.Ecommerce.tests.End2EndTestingWebsite@36fc695d]" started-at="2026-01-07T17:46:05 IST" name="loginTest" finished-at="2026-01-07T17:46:29 IST" duration-ms="24360" status="PASS">
          <reporter-output>
          </reporter-output>
        </test-method> <!-- loginTest -->
      </class> <!-- com.Ecommerce.tests.End2EndTestingWebsite -->
    </test> <!-- Default test -->
  </suite> <!-- Default suite -->
</testng-results>
